[2026-04-09T11:58:04.184Z] Attempting to send to +971542941197 (Order: CLT-MNRFAOCR-838)
[2026-04-09T11:58:04.663Z] SUCCESS! SID: SM3a6010d10a1ded2294b55db880074b0b
[2026-04-09T12:11:20.621Z] Attempting to send to +971542941197 (Order: CLT-MNRFR7P4-220)
[2026-04-09T12:11:21.144Z] SUCCESS! SID: SM90851e90c0ca3f354595a4c7e6335429
[2026-04-09T12:18:29.447Z] Attempting to send to +971542941197 (Order: CLT-MNRG0XSY-424)
[2026-04-09T12:18:29.998Z] SUCCESS! SID: SM2c73269630ae6e39c039dc4b879b79bf
[2026-04-14T09:53:39.626Z] Attempting to send to +971 (Order: CLT-MNYG1Y8J-166)
[2026-04-14T09:53:40.135Z] ERROR: The 'To' number +971 is not a valid phone number.
[2026-04-16T08:41:24.305Z] Attempting to send to +657668768768768687687+971 (Order: CLT-MO18CQAO-477)
[2026-04-16T08:41:24.744Z] ERROR: The 'To' number +657668768768768687687+971 is not a valid phone number.
[2026-04-16T09:03:35.500Z] Attempting to send to +971 (Order: CLT-MO195997-966)
[2026-04-16T09:03:35.852Z] ERROR: The 'To' number +971 is not a valid phone number.
[2026-04-16T09:08:01.992Z] Attempting to send to +971 (Order: CLT-MO19AYZ4-486)
[2026-04-16T09:08:02.417Z] ERROR: The 'To' number +971 is not a valid phone number.
[2026-04-16T09:27:39.887Z] Attempting to send to +971 (Order: CLT-MO1A07KR-645)
[2026-04-16T09:27:40.382Z] ERROR: The 'To' number +971 is not a valid phone number.
[2026-04-16T10:18:30.681Z] Attempting to send to +971 (Order: CLT-MO1BTL7C-532)
[2026-04-16T10:18:31.125Z] ERROR: The 'To' number +971 is not a valid phone number.
[2026-04-16T10:20:48.099Z] Attempting to send to +971 (Order: CLT-MO1BWJH5-497)
[2026-04-16T10:20:48.860Z] ERROR: The 'To' number +971 is not a valid phone number.
[2026-04-16T10:33:57.399Z] Attempting to send to +971 (Order: CLT-MO1CDGLJ-192)
[2026-04-16T10:33:57.756Z] ERROR: The 'To' number +971 is not a valid phone number.
[2026-04-16T12:43:06.055Z] Attempting to send to +971 (Order: CLT-MO1GZJ4Q-024)
[2026-04-16T12:43:06.529Z] ERROR: The 'To' number +971 is not a valid phone number.
[2026-04-16T12:58:02.319Z] Attempting to send to +971 (Order: CLT-MO1HIQW0-090)
[2026-04-16T12:58:03.036Z] ERROR: The 'To' number +971 is not a valid phone number.
[2026-04-17T10:19:34.413Z] Attempting to send to +917034278767 (Order: CLT-MO2RAST4-827)
[2026-04-17T10:19:34.931Z] SUCCESS! SID: SM53a6f2fead79297fb300974493234027
[2026-04-17T10:35:04.085Z] Attempting to send to +917034278767 (Order: CLT-MO2RUQJN-881)
[2026-04-17T10:35:04.511Z] SUCCESS! SID: SM7221e8d608426afa24e269f09640d292
[2026-04-17T13:26:38.778Z] Attempting to send to +971 (Order: CLT-MO2XZDXK-877)
[2026-04-17T13:26:39.247Z] ERROR: The 'To' number +971 is not a valid phone number.
[2026-04-17T13:27:27.048Z] Attempting to send to +971 (Order: CLT-MO2Y0FB2-216)
[2026-04-17T13:27:27.372Z] ERROR: The 'To' number +971 is not a valid phone number.
[2026-04-17T13:36:00.467Z] Attempting to send to +971543598 (Order: CLT-MO2YBFA5-508)
[2026-04-17T13:36:01.009Z] SUCCESS! SID: SM34a2c04e2be5226c63b61edb179283c1
[2026-04-18T07:01:45.661Z] Attempting to send to +917034278767 (Order: CLT-MO3ZO9BX-610)
[2026-04-18T07:01:46.176Z] SUCCESS! SID: SMd11caadd573ac18ff04a71701fa29fd4
[2026-04-18T07:30:21.160Z] Attempting to send to +917034278767 (Order: CLT-MO40P1B9-785)
[2026-04-18T07:30:21.655Z] SUCCESS! SID: SM2a8a7e809248eac419e97058abc91a86
[2026-04-18T08:52:33.435Z] Attempting to send to +917034278767 (Order: CLT-MO43MRC7-313)
[2026-04-18T08:52:34.051Z] SUCCESS! SID: SM4bc4e43445f554e1bc5e8fab42a7b386
[2026-04-18T09:10:49.308Z] Attempting to send to +917034278767 (Order: CLT-MO44A8HB-999)
[2026-04-18T09:10:49.731Z] SUCCESS! SID: SM21842681f396bb8c09ff5b7165e6a7b2
[2026-04-18T12:20:40.248Z] Attempting to send to +917034278767 (Order: CLT-MO4B2DYE-491)
[2026-04-18T12:20:40.716Z] SUCCESS! SID: SMfc313fc1594d758f774a35bbcd85968d
[2026-04-22T09:11:30.204Z] Attempting to send to +971554617275 (Order: CLT-MO9U2J4Z-811)
[2026-04-22T09:11:30.772Z] SUCCESS! SID: SMaf96e84d50e8bfabfd823614ad17ee00
[2026-04-22T09:58:27.497Z] Attempting to send to +971554617275 (Order: CLT-MO9VQWKV-960)
[2026-04-22T09:58:28.020Z] SUCCESS! SID: SM9c61a8130623b1b359c80c0a21fc81ac
[2026-04-22T10:02:09.469Z] Attempting to send to +917034278767 (Order: CLT-MO9VVO1J-648)
[2026-04-22T10:02:09.890Z] SUCCESS! SID: SM403c31091b59696bbfb1acdbfb66374f
[2026-04-22T10:06:31.023Z] Attempting to send to +971545573553 (Order: CLT-MO9W19TV-126)
[2026-04-22T10:06:31.410Z] SUCCESS! SID: SM88273ff225cd4fa5dbc93342f279b8bf
[2026-04-22T10:15:47.166Z] Attempting to send to +971551566789 (Order: CLT-MO9WD7K2-614)
[2026-04-22T10:15:47.607Z] SUCCESS! SID: SMef1eb2d415f7fed4258fe937c1a05ef8
[2026-04-23T10:58:20.014Z] Attempting to send to +97170457876 (Order: CLT-MOBDBRL1-027)
[2026-04-23T10:58:20.507Z] SUCCESS! SID: SM34c0797b807b3934f8393c62fbc62eb2
